[INFO] Scanning for projects...
[INFO] 
[INFO] -----------------------< com.hero:leadnurturing >-----------------------
[INFO] Building leadnurturing 0.0.1-SNAPSHOT
[INFO]   from pom.xml
[INFO] --------------------------------[ jar ]---------------------------------
[INFO] 
[INFO] >>> spring-boot:4.0.2:run (default-cli) > test-compile @ leadnurturing >>>
[INFO] 
[INFO] --- resources:3.3.1:resources (default-resources) @ leadnurturing ---
[INFO] Copying 1 resource from src\main\resources to target\classes
[INFO] Copying 0 resource from src\main\resources to target\classes
[INFO] 
[INFO] --- compiler:3.14.1:compile (default-compile) @ leadnurturing ---
[INFO] Nothing to compile - all classes are up to date.
[INFO] 
[INFO] --- resources:3.3.1:testResources (default-testResources) @ leadnurturing ---
[INFO] skip non existing resourceDirectory C:\Projects\Tata\leadnurturing\src\test\resources
[INFO] 
[INFO] --- compiler:3.14.1:testCompile (default-testCompile) @ leadnurturing ---
[INFO] Nothing to compile - all classes are up to date.
[INFO] 
[INFO] <<< spring-boot:4.0.2:run (default-cli) < test-compile @ leadnurturing <<<
[INFO] 
[INFO] 
[INFO] --- spring-boot:4.0.2:run (default-cli) @ leadnurturing ---
[INFO] Attaching agents: []

  .   ____          _            __ _ _
 /\\ / ___'_ __ _ _(_)_ __  __ _ \ \ \ \
( ( )\___ | '_ | '_| | '_ \/ _` | \ \ \ \
 \\/  ___)| |_)| | | | | || (_| |  ) ) ) )
  '  |____| .__|_| |_|_| |_\__, | / / / /
 =========|_|==============|___/=/_/_/_/

 :: Spring Boot ::                (v4.0.2)

2026-02-16T13:06:07.522+05:30  INFO 18956 --- [leadnurturing] [  restartedMain] c.h.l.LeadnurturingApplication           : Starting LeadnurturingApplication using Java 25.0.1 with PID 18956 (C:\Projects\Tata\leadnurturing\target\classes started by taara in C:\Projects\Tata\leadnurturing)
2026-02-16T13:06:07.524+05:30  INFO 18956 --- [leadnurturing] [  restartedMain] c.h.l.LeadnurturingApplication           : No active profile set, falling back to 1 default profile: "default"
2026-02-16T13:06:07.558+05:30  INFO 18956 --- [leadnurturing] [  restartedMain] .e.DevToolsPropertyDefaultsPostProcessor : Devtools property defaults active! Set 'spring.devtools.add-properties' to 'false' to disable
2026-02-16T13:06:07.558+05:30  INFO 18956 --- [leadnurturing] [  restartedMain] .e.DevToolsPropertyDefaultsPostProcessor : For additional web related logging consider setting the 'logging.level.web' property to 'DEBUG'
2026-02-16T13:06:08.046+05:30  INFO 18956 --- [leadnurturing] [  restartedMain] .s.d.r.c.RepositoryConfigurationDelegate : Bootstrapping Spring Data JPA repositories in DEFAULT mode.
2026-02-16T13:06:08.075+05:30  INFO 18956 --- [leadnurturing] [  restartedMain] .s.d.r.c.RepositoryConfigurationDelegate : Finished Spring Data repository scanning in 24 ms. Found 4 JPA repository interfaces.
2026-02-16T13:06:08.367+05:30  INFO 18956 --- [leadnurturing] [  restartedMain] o.s.boot.tomcat.TomcatWebServer          : Tomcat initialized with port 9090 (http)
2026-02-16T13:06:08.375+05:30  INFO 18956 --- [leadnurturing] [  restartedMain] o.apache.catalina.core.StandardService   : Starting service [Tomcat]
2026-02-16T13:06:08.375+05:30  INFO 18956 --- [leadnurturing] [  restartedMain] o.apache.catalina.core.StandardEngine    : Starting Servlet engine: [Apache Tomcat/11.0.15]
2026-02-16T13:06:08.400+05:30  INFO 18956 --- [leadnurturing] [  restartedMain] b.w.c.s.WebApplicationContextInitializer : Root WebApplicationContext: initialization completed in 840 ms
2026-02-16T13:06:08.464+05:30  INFO 18956 --- [leadnurturing] [  restartedMain] org.hibernate.orm.jpa                    : HHH008540: Processing PersistenceUnitInfo [name: default]
2026-02-16T13:06:08.507+05:30  INFO 18956 --- [leadnurturing] [  restartedMain] org.hibernate.orm.core                   : HHH000001: Hibernate ORM core version 7.2.1.Final
2026-02-16T13:06:08.784+05:30  INFO 18956 --- [leadnurturing] [  restartedMain] o.s.o.j.p.SpringPersistenceUnitInfo      : No LoadTimeWeaver setup: ignoring JPA class transformer
2026-02-16T13:06:08.809+05:30  INFO 18956 --- [leadnurturing] [  restartedMain] com.zaxxer.hikari.HikariDataSource       : HikariPool-1 - Starting...
2026-02-16T13:06:09.091+05:30  INFO 18956 --- [leadnurturing] [  restartedMain] com.zaxxer.hikari.pool.HikariPool        : HikariPool-1 - Added connection com.mysql.cj.jdbc.ConnectionImpl@24b64f34
2026-02-16T13:06:09.092+05:30  INFO 18956 --- [leadnurturing] [  restartedMain] com.zaxxer.hikari.HikariDataSource       : HikariPool-1 - Start completed.
2026-02-16T13:06:09.129+05:30  WARN 18956 --- [leadnurturing] [  restartedMain] org.hibernate.orm.deprecation            : HHH90000025: MySQLDialect does not need to be specified explicitly using 'hibernate.dialect' (remove the property setting and it will be selected by default)
2026-02-16T13:06:09.142+05:30  INFO 18956 --- [leadnurturing] [  restartedMain] org.hibernate.orm.connections.pooling    : HHH10001005: Database info:
	Database JDBC URL [jdbc:mysql://localhost:3306/leads_db]
	Database driver: MySQL Connector/J
	Database dialect: MySQLDialect
	Database version: 9.4
	Default catalog/schema: leads_db/undefined
	Autocommit mode: undefined/unknown
	Isolation level: REPEATABLE_READ [default REPEATABLE_READ]
	JDBC fetch size: none
	Pool: DataSourceConnectionProvider
	Minimum pool size: undefined/unknown
	Maximum pool size: undefined/unknown
2026-02-16T13:06:09.735+05:30  INFO 18956 --- [leadnurturing] [  restartedMain] org.hibernate.orm.core                   : HHH000489: No JTA platform available (set 'hibernate.transaction.jta.platform' to enable JTA platform integration)
2026-02-16T13:06:09.783+05:30  INFO 18956 --- [leadnurturing] [  restartedMain] j.LocalContainerEntityManagerFactoryBean : Initialized JPA EntityManagerFactory for persistence unit 'default'
2026-02-16T13:06:09.827+05:30  INFO 18956 --- [leadnurturing] [  restartedMain] o.s.d.j.r.query.QueryEnhancerFactories   : Hibernate is in classpath; If applicable, HQL parser will be used.
2026-02-16T13:06:09.959+05:30  INFO 18956 --- [leadnurturing] [  restartedMain] r$InitializeUserDetailsManagerConfigurer : Global AuthenticationManager configured with UserDetailsService bean with name customUserDetailsService
2026-02-16T13:06:10.352+05:30  WARN 18956 --- [leadnurturing] [  restartedMain] JpaBaseConfiguration$JpaWebConfiguration : spring.jpa.open-in-view is enabled by default. Therefore, database queries may be performed during view rendering. Explicitly configure spring.jpa.open-in-view to disable this warning
2026-02-16T13:06:10.653+05:30  WARN 18956 --- [leadnurturing] [  restartedMain] ConfigServletWebServerApplicationContext : Exception encountered during context initialization - cancelling refresh attempt: org.springframework.context.ApplicationContextException: Failed to start bean 'webServerStartStop'
2026-02-16T13:06:10.655+05:30  INFO 18956 --- [leadnurturing] [  restartedMain] j.LocalContainerEntityManagerFactoryBean : Closing JPA EntityManagerFactory for persistence unit 'default'
2026-02-16T13:06:10.657+05:30  INFO 18956 --- [leadnurturing] [  restartedMain] com.zaxxer.hikari.HikariDataSource       : HikariPool-1 - Shutdown initiated...
2026-02-16T13:06:10.660+05:30  INFO 18956 --- [leadnurturing] [  restartedMain] com.zaxxer.hikari.HikariDataSource       : HikariPool-1 - Shutdown completed.
2026-02-16T13:06:10.665+05:30  INFO 18956 --- [leadnurturing] [  restartedMain] .s.b.a.l.ConditionEvaluationReportLogger : 

Error starting ApplicationContext. To display the condition evaluation report re-run your application with 'debug' enabled.
2026-02-16T13:06:10.673+05:30 ERROR 18956 --- [leadnurturing] [  restartedMain] o.s.b.d.LoggingFailureAnalysisReporter   : 

***************************
APPLICATION FAILED TO START
***************************

Description:

Web server failed to start. Port 9090 was already in use.

Action:

Identify and stop the process that's listening on port 9090 or configure this application to listen on another port.

[INFO] ------------------------------------------------------------------------
[INFO] BUILD SUCCESS
[INFO] ------------------------------------------------------------------------
[INFO] Total time:  4.853 s
[INFO] Finished at: 2026-02-16T13:06:10+05:30
[INFO] ------------------------------------------------------------------------
